* using log directory ‘/Users/bradentierney/GitHub/voe/..Rcheck’
* using R version 4.0.2 (2020-06-22)
* using platform: x86_64-apple-darwin17.0 (64-bit)
* using session charset: UTF-8
* checking for file ‘./DESCRIPTION’ ... OK
* checking extension type ... Package
* this is package ‘voe’ version ‘0.1.0’
* package encoding: UTF-8
* checking package namespace information ... OK
* checking package dependencies ... OK
* checking if this is a source package ... OK
* checking if there is a namespace ... OK
* checking for executable files ... WARNING
Found the following executable files:
  .git/objects/00/3a8d9f1ddbc7880c6da6b8164da39abc2113a4
  .git/objects/00/48ba90b500fea8a381254ab780772378387aca
  .git/objects/00/e4bc5faea79ba9498e2306727fb45815b09d27
  .git/objects/01/3569514265fd4cd5dced132b065612a2bc315a
  .git/objects/01/7c11d7d6d95ec23e0af113a946ecdd24cb31d3
  .git/objects/01/8d92f10c7cdf1e11227be1a881957abd7bd476
  .git/objects/01/fdda36a4464169fc5cc8e45fbbfbecc35e7b54
  .git/objects/02/0a3562a4e79e9df8578940c9eb72cdbdd1bf7b
  .git/objects/02/322747087d2ca2ab13870ecd6d2469620da19d
  .git/objects/02/8a53878307b4e4dd04ae553773fe0cce380aae
  .git/objects/02/c81ae6b8e6161d84f36863c9b3a7d10c813833
  .git/objects/02/fc6cb32fe5d2186d8821aeecd4b4526e884f9f
  .git/objects/04/15f61400c9bf9f65e08cdb7fbf325f4bd896e0
  .git/objects/04/2bc2d551dcf75fe29c719d140b4f080a122c05
  .git/objects/04/32d87c298254f6ae500ee5cab2ecfd21b7d46f
  .git/objects/04/6271bdafea585529895d97da271ceb000f7465
  .git/objects/04/c07bd13c8e8040514f106ec0d48119337252ae
  .git/objects/04/cb7034946f02569d3f6be574e68712776e273c
  .git/objects/04/da880611153b2517d82a362b5e24c33134d8d3
  .git/objects/05/198fcb9ec9ba83f6ece065dc0c4fd52c65b212
  .git/objects/05/2480f1386a9f825beb6610070dc52422359913
  .git/objects/05/2929adf1739ddabf0d75d40c1594190f0727ce
  .git/objects/05/677668ab4bf02145e093142668e40bb6e29725
  .git/objects/05/a6195eecafac99f99cd7a2979cb1d86961e3fa
  .git/objects/05/ba9461b970056c313d75f4304f79f2875e4f60
  .git/objects/05/ddffd5c584eefcfcebafff786090f2112945a8
  .git/objects/06/38d10814cbe74f274b63bc1f0b7b77bf9c81a5
  .git/objects/06/6691bc19150efc5b6046d3d6bd57b199babe4e
  .git/objects/06/c66a371b577b0f79a4b43e5b8c4d20b44007be
  .git/objects/06/d021b4c112ff00f43d6fe2240c0d51ba85cbfa
  .git/objects/07/34bc282ccaaba83c95ad0f590bd4502f05072e
  .git/objects/07/7f562311f6f2e39705ab56a94a0171e7e7f989
  .git/objects/07/e6e11da3e9cd561c598bc5f1fedf1703312900
  .git/objects/08/57d8fff808b92f3d7f40981fa049a6ccd0323b
  .git/objects/08/e7a10124d044334de326a74c4e29b81adcb355
  .git/objects/09/10a01a7fb834315025a708b14791c683ee318b
  .git/objects/09/5fc780aa19fd31bf5efb05c75b29fcfcde3f5f
  .git/objects/0a/ce538ff9fffe6e77cbff61aa53438766ab8907
  .git/objects/0b/074336b47511bb30a09c6f6277ec4e227911cc
  .git/objects/0b/3a70ef643a64eb83c9dd494fd5c0fcf65eef94
  .git/objects/0b/77831143808efdae0f9166c8e2f4fc1a0d8bb8
  .git/objects/0b/b6ec47c8f8e97b7e9ffc556805db5f3a2bf2cc
  .git/objects/0c/74ff6ef68b2ad9a1a353b454d27d038666d83d
  .git/objects/0c/7aba50fe8c45e1688d665f2e195651352fff6c
  .git/objects/0c/816b31e85e6b61f6a25add077167577556089d
  .git/objects/0c/f5d9b5fd405006d12c30da0277f0b88c125767
  .git/objects/0d/4091571f7872a9677d987b3c39b730dbd03674
  .git/objects/0d/75b817c2db90b27cc3a7021435ea4a1e9961c9
  .git/objects/0d/cc6a3a36bab7f1a080089222b41dc23ef80e5e
  .git/objects/0d/e245dfc2a277db4f60eb33adcb29c7a0833df6
  .git/objects/0d/f486ae784ff2d09a0d8a849dc6450a39c8f858
  .git/objects/0e/333b60a5bd73b8d8c12df3e99b04bb4ee54a9e
  .git/objects/0e/63bb8de8eaa7c236c4cdfbc6ea415a015db79c
  .git/objects/0e/71ac04dfc42ddec16ee9f8acc24ea6cf66267f
  .git/objects/0e/cffbfdf3bdf266af0b3e18f7814803f897f349
  .git/objects/0f/081b4ece42ee3a80134ae2d4b87e64582e22b7
  .git/objects/0f/14bffd6ba708b63d1a1adb4f06d7f576d2a876
  .git/objects/0f/9ef89278aa66da8d8391f384340f1b06a92765
  .git/objects/10/7874b06d1d792419e2c83701c25facc724cd05
  .git/objects/10/984a2eb542fb3e5869212664c1a2876d614626
  .git/objects/10/ab32cf14f536e0f7d51127997e7d4bd238da87
  .git/objects/10/afe086f367278ce78869b585f78eb1f305728e
  .git/objects/10/cc5db0fbcd5f2b3c7cc18b17391cf4a1c9428d
  .git/objects/10/d8d25f6de9b0819a9e83561ec15cbf7cbfe0e6
  .git/objects/11/6175d2373eb4db1ac0ad7e7b8d50c60f7a3f42
  .git/objects/11/7d8d3ec60b9c3b52fec00d6cb2dccf566105c3
  .git/objects/11/d9643857f42766590cc47696e90502a4b63a4c
  .git/objects/11/fc8990e0d5b724d73bf79d9f3fb9bff3ed42d3
  .git/objects/12/751f5d13abd6fc4f32fb29b5ce3657a74c3344
  .git/objects/12/9b8c6d555907fe4c6107a6283224d654d8694e
  .git/objects/12/bc7c11b51956e16cf38b71efa00d13ec7ec10d
  .git/objects/12/d493bcf3a6b7ce1818be33dc3f3b859fc59f6a
  .git/objects/12/efe83d3bd8bec91abb68e1410ef9a839507994
  .git/objects/13/4009a011cec6713a66fb89d156c6168df27cb5
  .git/objects/13/56f8331b3e9dd0d499cfb42b1db6ec71a76333
  .git/objects/13/794a55128c8b2c375acbea1dce434bbd69f110
  .git/objects/14/17b814189ac07aeda50a6e8eb7a06ca05444b8
  .git/objects/14/37b73a3a6d6aba4ead30ef205e24142556cf61
  .git/objects/14/5e1439aa24459418d6465520b45bf6e54ddb76
  .git/objects/14/658655acc8ddb8bb943ae5842fe8097c2167e4
  .git/objects/14/752302d4046e665eec846b76fb5411c0208119
  .git/objects/14/9b095a68173487430a052cd1648c30ae16e9fc
  .git/objects/14/c60df9465d993bbcc5e6e3393517ce0a12af5a
  .git/objects/14/d890e695b516dd4f5774d5a5d879784829f5f8
  .git/objects/15/be855c076e89a1a54307a48ee65b514f444b91
  .git/objects/16/12484f4419a0018381af58562b8b2f15c8c199
  .git/objects/16/cd13b491cbc20d8318ac15202ec8beef34bb83
  .git/objects/17/38d7d550e39ba344e6d4715c0b8b081f578eaa
  .git/objects/17/525444e7d527d2a540e70f662071de3df3de66
  .git/objects/17/baef615b00cbb8adf7b921ffb240e73966b7cc
  .git/objects/17/fc6b8a3b573d9c0c1749bb9ea10773d383d91b
  .git/objects/18/12496284074e7a32970e87d7e7ceea7096d08e
  .git/objects/18/1bd0536a30897949f94948b40fa3f8d4a650dd
  .git/objects/18/40a884e60490b8a637ebe69a28dcde9962f9a2
  .git/objects/18/5df54b5ed48583e5dfa0704bb95e8436408311
  .git/objects/18/a65abb49615fbf3ebe5f1407d57deed92f84b6
  .git/objects/18/d537b19755f69048c062450473429e948ebef9
  .git/objects/18/dc5c1d5cc80e9e7169da9c54f95ff848714e17
  .git/objects/19/058419e980e88ce6e8f5d89f09d799b4ed46bf
  .git/objects/19/3982f9e5fc380c1a81b59e89d6896f5111ffbf
  .git/objects/19/6b28d86ba2e44414a49913349a74588eb8eebe
  .git/objects/19/7cce8d5a23904ace4a3c1bc63531b20e9167a8
  .git/objects/19/a8f7a925018673abd368f84b558c19ea29bde4
  .git/objects/1a/87768310808a5b5414ad4293b39921ab634812
  .git/objects/1a/898cd08e7f8e80e3f6feb1425bac800b1ec6c6
  .git/objects/1b/10c0f90e6858a7f79ebb0ad74a266d4c2dd271
  .git/objects/1b/4542e16958e6f0e2b619262c488f5eae5c2483
  .git/objects/1b/601214ff4ef362c8e70f6ca67804b82755deaa
  .git/objects/1b/7766dd54cc354ff0d52cf0f3861da0ee4b3053
  .git/objects/1c/0e8d700d13bb5bceada3265c82c55b9513fe3d
  .git/objects/1c/0ec87f06274862c71e097a64e352aca6582b1a
  .git/objects/1c/2ee43b5e1fdcaef66af75bdce69f08372eb791
  .git/objects/1c/4d497a032bbfe5536833e12874b8bdc7ba62cd
  .git/objects/1c/674dea3dddb7eba8cfd9f5b582c67cc92a6af4
  .git/objects/1c/8df922c48c3338d2ba481d85a48bdba282a6e0
  .git/objects/1c/d367079368fc23c57d6cf72ef3c8ac893f8b5e
  .git/objects/1d/3d6dbad34487afcf0a4bd9ea49f3a7c2360832
  .git/objects/1d/6948a520ddabe7ed020c8a484502bd49ef36a9
  .git/objects/1d/87e4f64be72ab8de70162dad7ffe165c279caa
  .git/objects/1d/bb6caa9cd209b443943e160289161d0c002e57
  .git/objects/1d/f4596f24147bdf6dcd088f3618c0144a9b701a
  .git/objects/1e/008c14719105115dc6400252734b7afbde246b
  .git/objects/1e/c1fcac08bd2a2a063bafd7c86a4ca3ae930472
  .git/objects/1f/12c8271fd3f0d49712b58ec3a2fd2ef65d2490
  .git/objects/1f/280cf9770f42149fd8d4dad88c3a5a4a11f46f
  .git/objects/1f/55175f5aca93be915f37726b4f552311462c94
  .git/objects/1f/762e4843f44cea5d777b6c8580eedf711eb999
  .git/objects/1f/b6e2d36c7c18404eeada1557767c76afdffff5
  .git/objects/20/45b0fcb9eb99cc995ba3e99a0deebed65f01c1
  .git/objects/20/dc102ef0e2df2a75d6c39b2f15db56ff2c1d3f
  .git/objects/20/dd9227eb8b6c19f261527ce60f39919fadd1ac
  .git/objects/20/e95f615cb3f6b9c1fa4fdddf629d07be9d11bc
  .git/objects/20/fa658fac802d583c393a9fd05781ae321be33a
  .git/objects/21/9e96871530b12777996e071b7ea48ce3e8b658
  .git/objects/21/a2349b2cf5c78f01759220ed6379f41d07f456
  .git/objects/21/a4da087e1c026c953a49de88caea1247cd1f1b
  .git/objects/21/e81e1c90ae30ea68b2aaa2b39a5fcf965f111d
  .git/objects/22/2ad57038138a0e128f957fa67aaacea7e33151
  .git/objects/22/b8881ca6252be56e85dd616c02855fb3a781f4
  .git/objects/22/c3bcf64e0767a581a69ba13c4bea50c56ff406
  .git/objects/22/ce4fc6e46611bfaca15fa271cc7ea918774b6f
  .git/objects/22/e45dffb95374d9ed5b167888a02260b9b25bac
  .git/objects/23/268c16a9b135c33be23cd187dce41c8f5d7320
  .git/objects/23/bcf2a81945f0d0060db60052fb6a4995caa222
  .git/objects/23/be5832bd28d70f5a931b90073e2967bf1a2a07
  .git/objects/24/8e1b8626703891a42ed492d39276b8ede57d8b
  .git/objects/24/b9c5c924a6b3b0c77a5fca6612459ce5d7c28b
  .git/objects/24/f7174bb26927d6242b7888caa0bf6803f8bca9
  .git/objects/26/2e218034d3a126167dee510318d932a854c248
  .git/objects/26/6fff58c3d86297a6dc9f8d60a009433fa7412e
  .git/objects/27/3570af0e699800271c6144ed8790b470284747
  .git/objects/27/4f4f0c5d5dd277709cde4c1e6d4def159d63c3
  .git/objects/27/6f98e17ce74a48f286d91ab9364906a6caad80
  .git/objects/27/a87b12a29d11af69c261c837ba295465cd6b05
  .git/objects/27/b5ae9cf02d2015588802ac885d8cd2ffa47404
  .git/objects/27/f17567f000f567c039ed06cf6a7128408b3609
  .git/objects/27/fe9168cbd582863f3b23797a25e73687c3c13a
  .git/objects/28/05ada90100a871d032e1ee98362b7e920189f6
  .git/objects/28/099ae00b4730f2c1fc7e2fc704ed0d0f66d616
  .git/objects/28/26bc3fedc3506751b1f4d5e2a1309be6c2f166
  .git/objects/28/7a055d6db3b57ba5022810aa14064e66297c9f
  .git/objects/28/8c1e5db0437b1c8e58cc847fac7da6c4181776
  .git/objects/28/ba87dd8dc144ea1bd4996903abcdd2c9b3e946
  .git/objects/28/fcbcbbec106340eb6ccbc32c01ad2e72b22d7e
  .git/objects/29/465d977b1a0057b29b4a5a46607a2cec19285a
  .git/objects/29/7b8a1f3cf3ec69fa90d27a9de1c249ff6f8db3
  .git/objects/29/86be390d616586910540023f7317db6ce049ed
  .git/objects/29/a38378b3e37260942b0901ff667b9fc12fed9c
  .git/objects/2a/9e517d82b22d4143b033b25dba3795d5e0c90e
  .git/objects/2b/64d003c3b0ab8b8e05b87b861fcdea978fdb74
  .git/objects/2b/6fcaf758b7a3f7e6a1b73555babf54cddabdbf
  .git/objects/2b/985a8be3a8a81aec693b27e58d7eae8ac0fb07
  .git/objects/2b/c60de40ba61d551e8125f23fb9bd9f2eef4433
  .git/objects/2b/d85b9b99a41aed75299d98c392ddc1b715be1c
  .git/objects/2c/0153f0a42c93ac548ccd9f007e4d6c8aa8cdfa
  .git/objects/2c/1403f940eb584632b90e3180b75aebdbf6b6f9
  .git/objects/2c/8f3fa9cc6eaf175d23b70b0c42215704ff0d49
  .git/objects/2c/9f32be3f83c30ba0b344de56bd10b96424b5a7
  .git/objects/2c/a1d038758d50b2c25657198443fd2a6d1692f6
  .git/objects/2c/a5cce1e74017c73c94d80b012628b3b945f36e
  .git/objects/2c/d2c223ffbccd20cf654db448eec863219c1155
  .git/objects/2d/c8c1adcc8b47924cc89970022829dce1871530
  .git/objects/2d/f54efd8919bf6f4e0f4d8f496050c017bd6b5d
  .git/objects/2e/345d7dfcdb3b261ca98eb91d7eb4b38fb1ced6
  .git/objects/2e/3a06da48dc60ff2557a1c742a27c4981f545b3
  .git/objects/2e/6477ed0079e24985eec1f0558f9e778bae0905
  .git/objects/2e/b480f598dd5680f995b728064baaae7562af65
  .git/objects/2e/b6b0b100b798bcf9a7b14b6f3bd4613d501d30
  .git/objects/2e/c3f54e65229ba2fac3df065206bddafe29ac52
  .git/objects/2e/c5773f02e1323591ec91be18553578ef95d4e3
  .git/objects/2f/3184621557afb45b95601d384eb1ca44d73c7b
  .git/objects/2f/3aa64c703f14e1ddaa4c9cf004a6f779f8be95
  .git/objects/2f/9b9ec001e27440c5f15093ef425bc14ffc07ed
  .git/objects/2f/b454e0544127f72d31bd52226e5a9a8731b91a
  .git/objects/2f/c3980b5c58cfc5b3c76507a8914e52f8b28f86
  .git/objects/2f/d6eb1a4a714f57ebd1e4391aaa628a6e2ed22e
  .git/objects/30/1e8cd2e82b9fba82a3ae499fe68840c2494735
  .git/objects/30/8cb14af4211a78e55500d300154b80efccc7a4
  .git/objects/30/8cdf9187666ac5b62cf462de7d2dad9267d1dc
  .git/objects/30/b73e8461493da6516fbb60fecb9f389eb7dab9
  .git/objects/30/be77641905f8f2781fdfd7806a95f02d282bbd
  .git/objects/31/254e1b8cd88db00c9a64800c1eeec70f551933
  .git/objects/31/3ec51723630e7775ded6885fbd26ef74a23cf8
  .git/objects/31/6de1ba86ad698cb0e0d109d727014a4eaea009
  .git/objects/32/938ba64a627398043cb2cc9ca27fe542f1f557
  .git/objects/32/96f67974a846fe463caf9b5caec793c0d920bc
  .git/objects/32/dcb577fa86d74619adcaf13bebbcd40211e637
  .git/objects/32/e77d69ecc3a508a8b57137a7989537d2ca536c
  .git/objects/33/25d395df310fbc8f1be29db0cf42324a1dd2f5
  .git/objects/33/b06f41eb6ea814bc2d7eb2d7e009e73025e571
  .git/objects/33/dc0fcb299fd0472fc071c4e31df18e00788882
  .git/objects/34/5380a31fee4bb9124f20480aae43201e792b2d
  .git/objects/34/6f96e7a969753281a80bb2b486a1b29bdbd291
  .git/objects/34/8fd26e3b529e57403ee031e8adb355f2550620
  .git/objects/34/da48d1674cbd8d1795200ca4a8ac0f92d50c90
  .git/objects/34/e9ac005fa067f5bcfed1122ea9bc5b62ead629
  .git/objects/35/062b372e505bbab4a0a16401f6873a89ede3e4
  .git/objects/35/1df041099f0bb346c3dcd6bd427eaa3bc51b02
  .git/objects/35/b1ca95c15173400e4dcfdd69e6e26a6a5e0ea3
  .git/objects/36/8b5d53a0826eccb748320e0f388fc02ce0ce8e
  .git/objects/36/e6b60fb333b55d9e4f858095308cc824edc898
  .git/objects/36/e76796c376a6ba386af3645589734c13da4c8e
  .git/objects/37/10938ea21ab745fc77e4eaa77554c6f0ed1a74
  .git/objects/37/4b05767bd49efc2bd624d3360bed0650b2ab34
  .git/objects/37/7296b7a624136481539a1f71b488d46e931baa
  .git/objects/37/a2f73a2343acdc4bea920fba455d85128362e4
  .git/objects/37/c3595d26f69fca8a0bab083c80a5c262dc4d36
  .git/objects/38/42c5f21d37d696aab2f1d827535bf9a704068e
  .git/objects/38/480f94c7a169bf746a0dfd47d68f220f79e118
  .git/objects/38/6f8989caf35a3a19fc733a92035c041538b7db
  .git/objects/39/59f4d8b2d53ab77e8d23dfd425f7c988f15373
  .git/objects/39/996ce5d550d2fdfb80f44550b2b6d2e3b239b7
  .git/objects/39/fc7392cb95aaee0d502dc2fe9bdfdb32948c86
  .git/objects/3a/30798d8576533eeeca9bd61f9385c92efcccb2
  .git/objects/3a/45b164ba75e126a0a701fc7bc7a3b5e04f8d4a
  .git/objects/3a/582d32f785b1a2fa39a4ec0a86ddf808a65327
  .git/objects/3a/ae2e0680304caefab14bbb732c5aa984ad9596
  .git/objects/3a/ba0b8868c469f49e67e22f448e00889fc39b5b
  .git/objects/3b/faf8c9da93ec6906c7a563fb9df5dbf781758e
  .git/objects/3c/11dd1d2dd5a849c735e3a92f4350a15b0e1992
  .git/objects/3c/2616b4248c2edf986c10a6a6b8a4a28824cc2f
  .git/objects/3c/723bfda9b0b7788dd5feca8cf644bf5649419e
  .git/objects/3c/b5e2a7adcc9e0b095ef44f8151d70b9cb0eaa1
  .git/objects/3d/49ecc47da5cbe62febbbc89f18de1823ef8f7e
  .git/objects/3d/e1f6bf3eb659591ead8706cda716b816f16384
  .git/objects/3e/0020ccff8f14d24ac009a120ce7464efd51bfa
  .git/objects/3e/021c931b1d423a3097e177637c25412b6716d4
  .git/objects/3e/900a34caf7c0278c3539034729b7ce14538dff
  .git/objects/3f/203aeb69ff93dd8a42a5fa571851e2f96d2d98
  .git/objects/3f/31520ad2ea658521effe87843189503d2b3911
  .git/objects/3f/41aac3cb8d5a0ef8ac51d2d5b0c9f48f0d5f95
  .git/objects/3f/441bd4f7fcb1abc1f942e41a18a18f6099414a
  .git/objects/3f/5a004bf1ccf5561de7acd13232daf198b75476
  .git/objects/3f/b5ce5f789f50c56dde93f80e885f51f34f3d63
  .git/objects/40/160c8fb90279a25b575149c8356b331bdb8119
  .git/objects/40/213306f9afdfd814b78e4b56a4cd99ef0ad94d
  .git/objects/40/2994917d08b1ee9e0f33a3a2ef5e0d8dbc6604
  .git/objects/40/3199101dc5c164e62c2fc77f1f529175249245
  .git/objects/40/acdb8679db1f2c7279344d72b8ccbb286e704c
  .git/objects/41/0ebc227f459f788b880876c467d1b86455ecf8
  .git/objects/41/5ef3d149a1f10fe17efcc6e9238457cad19ab9
  .git/objects/41/6567bea4286a560dc3ac3eec5140fedc0a9db3
  .git/objects/41/8881fc003561006ae10235e8049b37f9cdfe91
  .git/objects/41/bc5e2447c5b3d13a9ee6b76fd88e2686a58e3f
  .git/objects/41/e93957fc6ae493dd9fc00ee1f1410ce59b2004
  .git/objects/42/09e67ae5558922429b0cce3986f4a39ad49d34
  .git/objects/42/5698c9aec0849417c52d141feafe9d40f974d0
  .git/objects/42/c1c796e3bb86ca9a4c83556d877d3fdc4dbcb6
  .git/objects/43/01bf0c05e320ece6219fc2ed1f9d9a9fa26d2e
  .git/objects/43/36b98a2c3b0518ae144c47d98f2dbbb0ddd95a
  .git/objects/43/57fd128c57143a7fd37b1866df73d4ab0ec7c6
  .git/objects/43/690d2b9a772cad019b5925313c5acc618c196e
  .git/objects/43/b6f99049bd178ed81feda951029b9308b059bc
  .git/objects/43/b790a6968d846403a5084fcf2bd5654fdee2f1
  .git/objects/44/d0f27f42bc014383a9415484f72bfe33bf1de8
  .git/objects/44/dbdd468f812fc7e876b1afe4c7e1b56d0a284f
  .git/objects/44/e80d10ec9be6450ddaa764392fa532a08ef897
  .git/objects/44/ff4bc68a5de3767d3a65e9d99f62756a130480
  .git/objects/45/0d8325543fa02f7a1327a68758a71d31cd4742
  .git/objects/45/615231c9e092102a7097f5cd95fb0ec983c13a
  .git/objects/45/d22fbd0df3d08fc5b753a43249e13464fa8de8
  .git/objects/45/f8c1df6c939d86214adbb7ebdddeb51de0dd83
  .git/objects/46/7da33b26e8074cfddc8ea2546306227104a6ce
  .git/objects/46/bece33f716a1507669099c29c3d964b8cd0e52
  .git/objects/46/c65d64f5956baa04da80032cf8ce73d174ff83
  .git/objects/46/d914deaedf1f7db061c3f1127d81fc4aba87d2
  .git/objects/47/9516c9907456c9802ed9d78922c3c65864a676
  .git/objects/47/aba10ceae1083ec7be77601b09c16b255434a0
  .git/objects/47/b19e9c4209b3691df0605c62e4dcd1efd00ed7
  .git/objects/47/e4c78f965d6e19db7bac76a774fc487f1d6b56
  .git/objects/48/0eeb2758d42748055cbbd31c44a7f4cdd1d580
  .git/objects/48/ecc8e606748206b6d1f288ccbf3e5e1fda0c31
  .git/objects/49/35e2957cf152a064c8a7dd9ac48d09dca8e1fe
  .git/objects/49/7f8bfcfb9d13ad61d14d79963641e9aeab41b0
  .git/objects/49/84a454a5f35cceb33cec09f4a4b6127285a0a9
  .git/objects/4a/eb7a2554f84f81feac49ea699d44dce7b4ff9e
  .git/objects/4b/6de3a3493756b80d37c3307ee16b5233a42baa
  .git/objects/4b/825dc642cb6eb9a060e54bf8d69288fbee4904
  .git/objects/4b/b93a4726e8cb2102a54cb1a04e08bcd84e4632
  .git/objects/4b/bd35418636da5be475dd2a67afe18d5f84ee98
  .git/objects/4b/d5ff69ea4ffddb6eed53d2ceea01e8edebe8ab
  .git/objects/4c/67b80e9b77c715103e9c77eaa25926b5765a98
  .git/objects/4c/b17197f1bfce8023a49f26b10e76ba43c8e8fb
  .git/objects/4c/f89ead53a0f2389a5fe101e83b740dd42a8ef3
  .git/objects/4d/340a3a112dbad54e9a8b38728fd456e4a23816
  .git/objects/4d/3528935db321f938a4602a6555170073184ec2
  .git/objects/4d/b179014345d73fd6ef1605b9ac96130756af81
  .git/objects/4d/db0da6feb5b8b6c83887ede254f1cfc944acc6
  .git/objects/4e/12fd4728bec7bd50dd5e0f064fe059f59362d2
  .git/objects/4e/51b8f670ccf33565178471fba3d93174ea59ef
  .git/objects/4e/78aaac29a09070a578ccff96ca8c8354f33869
  .git/objects/4e/7fc505df3ee95f1090e0f991e3673cbd5a0306
  .git/objects/4e/b9cfa10bcda52984eaad6621af04382703958b
  .git/objects/4e/dd20cdf55e4f08f8f681af379f268f06a7d7cd
  .git/objects/4f/17068c817ee78a11d8d2a3b9b3dc4976ba0796
  .git/objects/4f/3582017fe788ca2891044cd31253e88a00882d
  .git/objects/50/0c516ba258b9618673e5e534b9fe4561b95fb7
  .git/objects/50/523ad844bc80b9dafa705d2bfb5e5e0bc617aa
  .git/objects/50/cfc79f4e93fb358f86a0d6430fa857e879f61b
  .git/objects/50/f99b68fd3f2b277666740c873bcea7381c9ca1
  .git/objects/51/c5c6c49b8a08bf398be4d92ecabeaa1b51ad60
  .git/objects/52/6e4751ee6cf884948dfb780dd71d520780e0f4
  .git/objects/52/8cc178389c20ab68a0cbabbfe5b198e4878db2
  .git/objects/52/ab8892deae08c369be0fe8acab78d462e23f48
  .git/objects/52/d49c3b971389f7e2ce57d8cf368bb425e54821
  .git/objects/52/f335a8543fa5fa7249b4c079e9d62c2bf1e1c1
  .git/objects/53/3c6fa18ddbb0826d215e01ed64d734b52f7a84
  .git/objects/54/1aec653d4417233364e4aafeb70f44f8db14f4
  .git/objects/54/36e0156e09865d9d018949cef98f101d717e31
  .git/objects/54/9c7655f86b1e3441261a92d3d8852b6a736cae
  .git/objects/55/288bcb3c45f55c8d9e40884c90655faeb3cd42
  .git/objects/55/2e56e7a815410947be1964065704c509fc2174
  .git/objects/55/83cc2035fd083600cb402d48c29db407a22c6c
  .git/objects/56/0ea8cd6a690f40847e89688156bc2ba32d0d9c
  .git/objects/56/28db43a4661c1a9c0dba9fd8d45c4e6e166c1c
  .git/objects/56/33e57fe7db37b7c310d580ce28a8010872ac74
  .git/objects/56/566269bfa2baaff4d8454232cdf984d7654279
  .git/objects/56/6498671c66ec029080e2fa391dc6904aa9ecbf
  .git/objects/56/9877f661314257fd9f2c08bfd2e950f549fb0f
  .git/objects/56/9d61de6bd2f649bdedeb72a554037c246ed666
  .git/objects/56/ab266952f11ae6b95f855706a1cc7fde8586fb
  .git/objects/56/d4168d54c4cf7538a4f44c714f1753001dffcc
  .git/objects/57/8cfd8e632969de6abccca6f1f4930c65a26f64
  .git/objects/58/a8d1b2fb28b8819f81ca2ee4c0fa10fd361a31
  .git/objects/58/cbee7957f318dbd1c880abdc47c81f4f1899de
  .git/objects/58/eacd6d695ab35487b358880319ab26a55dfccf
  .git/objects/58/eb6cc5dd2732ea58a7672e23fe4e9de2d8a28b
  .git/objects/59/695504dcb178a6f830b81125cc1142f2ac2032
  .git/objects/59/b62169c1a4210b6d6d7cbbde08c045d54eee10
  .git/objects/59/e354cdbeb666611616fcf584d12afca0688c59
  .git/objects/59/f811569e4d3c26054e32e1eed5b92e79dac5b5
  .git/objects/5a/05128753c6cd8f4584d578d75053befcbd20fa
  .git/objects/5a/20b632bca47ade0e21e6bd3d02ed5d3ce4c665
  .git/objects/5a/4230485d2670f1d89c184c8e797e100402cf98
  .git/objects/5a/81d4f6b69553c38931e37fc4cb9005274e0157
  .git/objects/5a/a111e700610da75586b586d7f1dbb2b2e63777
  .git/objects/5b/2a951969cca1163eb575db89a276801f553f53
  .git/objects/5b/6a0652566d10360493952aec6d4a4febc77083
  .git/objects/5b/78ec141191307e09b2cda23b8e1eb3d54ed71e
  .git/objects/5b/a52e8418ce38623fd7e97da0273788880384ba
  .git/objects/5b/ff80fb38247d1fd93c24753f6addf5fe90e1fc
  .git/objects/5c/2c3441408283e343833e3560630889b33790db
  .git/objects/5c/96bc07bd6d6fb10e67dee9eeb37525288f1d0b
  .git/objects/5c/a096b9699809e6926a10dc319e830915feba22
  .git/objects/5c/a242c81ac0260a1a6d821de333266ffd443030
  .git/objects/5c/ba421ee3fde0cbe8608dfb6568082cf4ec4462
  .git/objects/5c/e76ab5127d424bca6b968c53b7903a25ea53c6
  .git/objects/5c/f8e30f0e973142221d8bdd061194ab24243b97
  .git/objects/5d/49705e1a8a69c782ea67faa38d134d78fd4014
  .git/objects/5d/54a464789c999bda3a81cc601b5240a3c15cea
  .git/objects/5d/6280c278f7b7516d19eeaff279617d99ab0000
  .git/objects/5d/c527e5d294fa5c54735cdbbbfb7385466e570f
  .git/objects/5d/cf389ab7999538e9cc20be084f57b204905c9e
  .git/objects/5e/4f71211333a668012fc64084f68db6249f1f92
  .git/objects/5f/52c0b860650f28eb550f02e3243cc53f275d53
  .git/objects/5f/ad4d84336a3e8597847bedc73e4805cf6ec3a5
  .git/objects/5f/b4922ee53c8203d0683998dcb87c95fea309ca
  .git/objects/60/1d0ca0fa1ec3f9d1b379313cae8bd6072d0598
  .git/objects/60/2359dcf779218a93d262cff6fc26f60b6815bd
  .git/objects/60/24d34af7c80e5ecfb6ce5ce14e755c26acb76f
  .git/objects/60/6fe066eedf0c72bb4fab8f4a77b03e6f65d686
  .git/objects/60/7cdbaf4975bbb5e71188bcd7219c4bef782020
  .git/objects/60/a293eff55a6fdf8635e0351996f02cd9078ab3
  .git/objects/60/b837fd05ba0ab18e63007b4bbc760843de40cd
  .git/objects/60/f97a2d6608f4521d3ce92e77317a1ac72e78be
  .git/objects/61/1a1a973d35642f93ca457f5668b2ba18e2916d
  .git/objects/61/5387cc1bd80d2c9bf626b5309463ec36576094
  .git/objects/61/601acd4d5a6a390f3c5fbd2d85915bd88692b2
  .git/objects/61/91a1db9f1cbaf85128d4c983b6592e11863409
  .git/objects/61/fae02bc3dae0b4f8035253edba1fa6b0736536
  .git/objects/62/2871eefeb77a51c119a8805d9cd633d6cd499c
  .git/objects/62/829e53fd3b5bdf6b993af7680bde423cef1bfd
  .git/objects/63/26ab7627be3f0f943277d66586e6151c4be2a4
  .git/objects/63/524dfbec88a1824abea63952b5aeb6ec2e8797
  .git/objects/63/a47b11e93b5b606a390e0449a8e1cb68841efb
  .git/objects/63/ce77f1abef67be5424fb5093e29c74e85764d1
  .git/objects/63/ebe1974840d0526c366ad3e17d43fa2a5b19f9
  .git/objects/63/ec528718b1f6a38b5cf6b5a87410ea95ff38f8
  .git/objects/63/f75c875ef6a6ecbcb5038d965a734f1b0e8827
  .git/objects/64/1a904958084ab5a9d6ff9d483bb4ccceb559c2
  .git/objects/64/26dfcbecec223fa94a0a70c56a74d2c3d9a772
  .git/objects/64/4f1dd7f282f16d6d3d0d806744194fd801ebb3
  .git/objects/64/a07646d35193fe363f07911bdaf02aad321b1d
  .git/objects/64/c03008ea292be78d3801ee8b036f093189ee95
  .git/objects/65/6446782fc658b5ae7c0fb6a68d7d8f0faca086
  .git/objects/65/82cc3fb63ee11e45c254b6eee6bff06b17de6e
  .git/objects/65/8cb52fd6a65965f47d823dbfe4d80c98de5b6f
  .git/objects/65/a5641cf80a5d8f9eb31843ce8caeb310aa6190
  .git/objects/65/a63b2e460395c5e6fce22d868b7190e81e5df2
  .git/objects/65/cb38fd9f80955a1981cf7a5b2e1062a44ab9c7
  .git/objects/65/f7a1e8020ff18fa4cf06bbef9a319648e16d4b
  .git/objects/66/fa8fff9add098a85b315775cfaa0627fcc06d4
  .git/objects/68/103e7af852f7561920035d79d838832e9e4105
  .git/objects/68/239fbb8dceb9198299fcef1f8bf42ab1996b9d
  .git/objects/68/d74509afdca3b07993210e1b830c6695e73672
  .git/objects/69/999818a5299bbc981118cb8ce83a2c31f88345
  .git/objects/69/ac3298372501b8d529793e7d9aae37dd590352
  .git/objects/6a/374ea4bbd058e230aabfb33b5fc854adb55f45
  .git/objects/6a/81789fac1838bb71ba94b8d62e6d138b6fc72c
  .git/objects/6a/99c9951cabc639e349a548e7b29fd5cccd41bc
  .git/objects/6a/ba2dbcf83f0e153a36d2a930f76a798dfa0e24
  .git/objects/6a/d375d0ee22601d743ba6e213c6afb382d68a37
  .git/objects/6a/e978ca00f387fa0f9c0449e0a9930f0513c4c5
  .git/objects/6b/4907307690a65e1f6f5c1e737c0938247673ae
  .git/objects/6b/9c9aaa69afb1e5ea1e7d328e1cf2f64cff03e3
  .git/objects/6b/a48abeb6517802a00aa16deec649b33e50665c
  .git/objects/6b/f344210a930e8977e55288beb09d8de6397d30
  .git/objects/6c/02e5ce999792327de39c485094a4a8986f9ad5
  .git/objects/6c/0fb46d746c9910745f871f81300f9bf24c0751
  .git/objects/6c/806ae8961547508898d746f93b8be47a534a5f
  .git/objects/6c/ed91d5e56e5b9ade14ab20511304344bf9c776
  .git/objects/6d/012f24c45e4714302277d582de54a39e9f5100
  .git/objects/6d/0d850c4a92b598d0f14269382f037170614d16
  .git/objects/6d/22844f473fa1dc2cfc9de57ac0029963429145
  .git/objects/6d/2b14141651740511aa5b3767d3957a03d75cf1
  .git/objects/6d/42eeb95ea11999c8ff2a5b77478ad74099c0f2
  .git/objects/6d/43ce1a41f3a7c0ce47939dbb62cf3a358308a5
  .git/objects/6d/4f60b8dcbc64e42f1e6e3bcd6b576c8e0317e2
  .git/objects/6d/d6550e14c3e72fe35647f94038df8dfdbe2990
  .git/objects/6e/480bce7326ef395473df587a8e7446730d17fa
  .git/objects/6e/6eac44036cf14fa41ff93a59aac6a72719c9fa
  .git/objects/6e/7857e1d7ff0757532e34142a673ffb660c0425
  .git/objects/6f/bf9359380c6a7128adcf32454a49a395d29a34
  .git/objects/6f/cbb2cd4d9d8cde6741484b3f9be98abb9911f8
  .git/objects/70/584f08718e6c8bf0f8150ebb96eac8ec2d1bad
  .git/objects/70/6ab405192104f7635e9071487f68d7a0596082
  .git/objects/70/8b20052c2860d1b1251b95caf2ee7686e8be46
  .git/objects/71/1cbfd5c1da85ae0d9436419f1510b6109f475a
  .git/objects/71/55c244cc517f29a29d11e331aa04e85016c41a
  .git/objects/71/aa1e4d8097f00023e98e424ffcb33ac403ea53
  .git/objects/72/0e416abcc08fd2972c7212dedff67f13a06b61
  .git/objects/72/297e18947ba5e1519dc618a5ba3daaff5c7a70
  .git/objects/72/bde296912de635b0fea9274fddac52bd019acd
  .git/objects/72/bf2a313d5b784b90f437165d89f8840ad49f68
  .git/objects/72/c37406619ab867efe864b925addb73ab5a3111
  .git/objects/72/ccc8869a7a3cc2d733798cfbff7d2be017462e
  .git/objects/72/f571ea19d04904d42999e3250c13ba2cee4d4c
  .git/objects/73/57a4b2db57a204900391b563edab714c3ba845
  .git/objects/73/631a020c34a0a5085d6f4ba79a7ec367633087
  .git/objects/73/81d706d01fdc89e95fb85ed340ad1426481c3c
  .git/objects/73/cf3bdc035aef7a88f766b8babb59a67cfca81f
  .git/objects/73/f21655f3d707e6b169a8521cde90c548a3959d
  .git/objects/73/f84108ccb88e728328e058fcb1f5634d9cbdd5
  .git/objects/74/4d56b96fa14084abd5ddc0cec84f82e67a8279
  .git/objects/74/756887a9a0fa449407f9ba072120bb86551bf5
  .git/objects/74/b8b6fcb4b2f988b5c17069647c18f24e683036
  .git/objects/74/c7250ea4e3690e64182f5fea3e14817bfd00db
  .git/objects/74/cb31ae8e8b122375cb54cea8e6b34c8239a174
  .git/objects/75/77b8f40d07959a1bfa7d05a7b157b58166bd52
  .git/objects/75/b7bbb6864d31d73d781c66f55d38acb9ded57c
  .git/objects/75/cf162c84d3e884830544fed114de1cc9ace1d2
  .git/objects/75/d0232eb92af71bf48825f4e4456f16307fc188
  .git/objects/76/1ebbfc60e7c7cc0d2e277966f47e0c404792a6
  .git/objects/76/4f16460d664034d7385bedaad99694168af524
  .git/objects/76/7415717be73d12a315a6882d889881e3d025f9
  .git/objects/76/9913cd2d3c3180c64f834c467a9d58545e2feb
  .git/objects/76/b20a99b88366b116b809442c44b0ffe9d0f57f
  .git/objects/76/f4b1b5ae137b39523ceaf39e4d80ac71aac430
  .git/objects/77/760cba8c8f9c6b527210f47cfce24edbbc0a1e
  .git/objects/78/26a7ad557fdaec8fdb6b8b8e9ed94486e6770b
  .git/objects/78/2a9f3b9faad3bd884b568590964aaa51872f38
  .git/objects/78/85b900961f0a51ae6606ca00f9c712b254a6e5
  .git/objects/78/cd4cc26e06abad98cecc9c84ac11432e5515f6
  .git/objects/79/4e9bbb56052fd87e845df0d139594ce1ea5378
  .git/objects/79/961c207896745bac839a74f37dc047ef12b78b
  .git/objects/79/f875271bf89185dd48ecce6df275102fd8026c
  .git/objects/7a/453a079e2e4a75b080b4abc8d2241d53068ae9
  .git/objects/7a/a187c90a33b711e47b767ecd65f9e5f142a1ea
  .git/objects/7a/b5b34ad2fc9f4d1bc4f3791557a16f104101c8
  .git/objects/7b/0db3e6abba3b93a023a5dc4d313ac2ff2f3181
  .git/objects/7b/527894af9fa06dd6ba9bc6c3bf24e47ad63b14
  .git/objects/7b/6a18c1c2dce5f819aa40e69a8dfca9937574fe
  .git/objects/7c/2d56ca8177962ff46511fe632240776bd9d031
  .git/objects/7c/6fa7ddc7cad900aac1534f58998328c9917876
  .git/objects/7c/72d1f06b9c735c7c3d1b1508b5959dfb053210
  .git/objects/7c/9a4b2556b4d17bf3e95ff626c98da336d2cbc1
  .git/objects/7c/a0b4a1d1c958fc027f60dd18b74d5ded8aacb1
  .git/objects/7c/cbd0a20ab9efdd7cbad08d7d15f7ba6eb5f492
  .git/objects/7c/d8f145c371d710e909754aa5eaecae5ce43ef9
  .git/objects/7d/59ce4027c1625afc6e29da4f6cf05a10d04464
  .git/objects/7d/af397fb67fffd56fb8eff10ade6a01643d76f3
  .git/objects/7d/e66b299b97f509635c1bc441f5ba37024b4c7c
  .git/objects/7d/ec4276de4f4a486482ad14bf9387c182451d17
  .git/objects/7e/32986431c6e7861216c3ab1532bc7f2648128e
  .git/objects/7e/7924f95cfd517099271cd199c6ef6edad423e7
  .git/objects/7e/d81f87dba264750c7d3c242e28d816da1c2d5e
  .git/objects/7f/3231fa5a1e3d0d49bc7903c9577ab536fa5a91
  .git/objects/7f/50e306627443efbf11470bdbe45b41315886ae
  .git/objects/7f/55f65b2e70d1c467c81de23a4d3f6474a6482c
  .git/objects/7f/86ced94d71d6a7fe65aa01cb3cedf25cc78eac
  .git/objects/80/291d3da82fdfbfa32606bef37059d4aec9d017
  .git/objects/80/6ff76fab6a0df74cf667d962a5db97f41fa4eb
  .git/objects/80/70747979119997615dc445b0c250d4e387fd31
  .git/objects/80/cbcb8b02e5b4494f9931ec16e765551a449453
  .git/objects/80/d2b750b0d9eb416fd325f3066a02b35df267a8
  .git/objects/80/e7ead69395efbbbbf8dbb375cebe85b8814682
  .git/objects/80/e7f3b5d4fd7af8617ce5e71fd45cb044b74871
  .git/objects/81/1a97cc594ea5c23fe8845e2bdc23a6973235d0
  .git/objects/81/3967e8267befdfe6cdc47ec435e59fd6f057fb
  .git/objects/81/556904d1bbccf1aca15a182b9bd492f3dd09de
  .git/objects/81/69cf99c501516c79bc91730901224c99d36347
  .git/objects/81/ad86792ff8beb294f35bbc102f589bbe5dea3b
  .git/objects/81/f3c80f529d602958bc6915dec0bb5c15082322
  .git/objects/82/7a603f9289eed09ce52a33a4c63ca702f5d571
  .git/objects/82/c196d6fc40f6fe1fbff52cdfc0536064d55257
  .git/objects/82/c2d9ab178bb34d012010aa529df5e560008e33
  .git/objects/82/c35d69b5b8cfe39781ea3a3b40b4435493ffea
  .git/objects/82/fe3c2e527f120026ed3117379733497e823084
  .git/objects/83/0c23246a7344bc3b267eaacfcb7504fc2c910b
  .git/objects/83/3c435bc2ffb7ed9ab224fb12d7320d80fb9bc6
  .git/objects/84/006d77dbf26ba30d517ea9a70f93497f14a072
  .git/objects/84/30fc60f2a266baa95b6a3e8ac7b5ac9f7b99d8
  .git/objects/84/7a4e06a18293f1dc10aee94ab93ae45d27c168
  .git/objects/84/8c5c5215b7a86d79631b8853c274be42d1ee15
  .git/objects/85/68b82dcded02a527fb2bb13fb67526e33dee70
  .git/objects/85/6c5d130ea583bbc980d99687aa18faac3540e7
  .git/objects/85/7e99d40b56fa69f72e761f90b1df9d9f9f484c
  .git/objects/85/9eaffc929cf76ad0984097a8f0aa993a442428
  .git/objects/86/02e0d1031e483acd38524a34060dbf5d16a5ee
  .git/objects/86/c70ad47ae7172944de2a7b45f062500b863f0f
  .git/objects/86/e316f636354e1286aa07946cf2492a4fe21386
  .git/objects/87/2b831e9b61d7bc0ddaa9dbedfb0eae095b46a5
  .git/objects/87/3b37090b8236741b9948ce9c211399bb8bffee
  .git/objects/87/3c8dc397b17a5286b3aede8f9cd7fa6fdcaeee
  .git/objects/87/613725ff4823a731163250712075c3569cd48d
  .git/objects/88/7a038f53a42e0f80cfa11eb0c666451a40f281
  .git/objects/88/8ccbad7cd308ef13822a337d35e374f5455ab7
  .git/objects/88/8cfc56dbccc8308c391d5d87153851d8be0f14
  .git/objects/88/b07145a5698f7408d42f1490b888501f5f3812
  .git/objects/88/e9e3c32bedd9e285ef7107d6bc3365da26ba29
  .git/objects/89/5a68fe8dd2f07a7a8dcf623b1938c8b47ebc7e
  .git/objects/89/68c16ece168f10be3a2a18fcc4ca4b570945bd
  .git/objects/8a/c5c93d9bec5d140f7970e14767426c7c296b0f
  .git/objects/8b/0e25752c44f4320aa1dc54e32ae3ea6709ec63
  .git/objects/8b/298a4674d44ec43f4b4b1b57b00e7378a8b7b9
  .git/objects/8b/43b37b60daa76fd480b335a542949fb2a8bc7c
  .git/objects/8c/0e09549f48aebee8653ce3edc84e6c8b23a353
  .git/objects/8c/48347ccd19ef336f44b7fe3b329f1645c316e6
  .git/objects/8c/4b898e9e54550a88fdc00abe3a913d45e37102
  .git/objects/8c/89d453a8c21d3683bea83a1c25cf502e1337dd
  .git/objects/8c/a7317290fdb29ae41fecddc464039086eb8897
  .git/objects/8c/c953cd0b8477d05eca0077fe471733b94abffa
  .git/objects/8c/ee5304aa922af92cbe1a022e51f35c34daa59f
  .git/objects/8c/f05dab15799e0bfea474f1369862830e608480
  .git/objects/8d/a4b89d9e8f65dfd7b1a3de037038d48bfbef15
  .git/objects/8d/ca06f06556e3b47b37c68d3a790e97e5763774
  .git/objects/8e/0abf03bdb04c08d5cde1fc361479e7081cddf5
  .git/objects/8e/164304bfc571d4fe82ab71bed287d4323c5509
  .git/objects/8e/231bf73bff7fe7bf86bc9d1556ce6e57e5327c
  .git/objects/8e/7a095ddb7435c916548520a1b2a7ca1fbbcdf1
  .git/objects/8e/8fb84bb0bcc34cef692e8cad003fec18eb7f33
  .git/objects/8f/53b1d59ea2629e42f464edf98796a932cfb805
  .git/objects/90/12e2a450d8ee6b25bd43a3c3827fba9e77ce52
  .git/objects/90/cec6a13df2597136cff63ec0dbb6e27031695a
  .git/objects/90/cee6561a326671110a4c01a00186e1c1ca168d
  .git/objects/91/114bf2f2bba5e0c5252e75018da19b869776f1
  .git/objects/91/297a768ca6520df061b33cf631a145aba4ed1e
  .git/objects/91/aa38b0d63cb862df94846e7a20bf230a26de7b
  .git/objects/91/acd8ac50a46d287192b57cf7357af48341ec16
  .git/objects/91/c5e82437746783b3ef094b287ceebe4770560b
  .git/objects/92/3323be23c75676575aa87ae1873cb69dbd8a84
  .git/objects/92/aa8dcf1af2bce0eebb21f71c34d6642a721b27
  .git/objects/92/ab82927f890d2e935677c6fef06177991a7152
  .git/objects/93/4d49d8d02d92d594fb87a2d708a99e6363c492
  .git/objects/93/64179e88b5d3a3eda276ab81ae0fcb31b5837a
  .git/objects/94/22060135485990c6e6b419e7b98a7663ec971c
  .git/objects/94/56ec6592df6e26a4014d50c7e33404157f8d2d
  .git/objects/94/68d7bf950aab4c8b707e0888e0208550f5f604
  .git/objects/94/adf517e28864c13683a6a2c4043e00b48b71b2
  .git/objects/94/e3cdf305d2d92c8988fe74a0dc48cad4ede2ed
  .git/objects/94/f656b04cd1e5ed9aadea690d9fc3ad4074bcee
  .git/objects/95/68d1b95b174317bd7efd0601c14ca8f736046f
  .git/objects/95/6ef6d023f1a149ab32ce70cd2af23239a1057c
  .git/objects/95/a1733a6f3c57b98350cb46fb4945cabd81cd86
  .git/objects/95/c1bd1349deee67eb0015789c0d6018b863c903
  .git/objects/95/c9dc62720307b0a742d012bd5bf24e9a8d2cac
  .git/objects/96/0b567cf46a2b29dba04571583cc6fa3d281370
  .git/objects/96/19730ae30f7b2fd0ebc474b89b02e5272551ae
  .git/objects/96/535929402a7395de1ca17d7c652e7dafb5fce6
  .git/objects/96/604da1ce84df65984e63f71cc90431a3dbacbc
  .git/objects/97/0edb95772a7b498c87d43907d42b7ad17c6c68
  .git/objects/97/2247d88640155dc267a6c5ca23e8a3d74996cb
  .git/objects/97/2aa08dc08822d4fd9c9a9ebc01636a08a28400
  .git/objects/97/710fce529a6019b0d3c63f1ad686dccf2a00c8
  .git/objects/97/7a8bca7dbd0f94690a5653b644f57cc6e4fa33
  .git/objects/97/d063ab35134f561207c0dc99efffe0cb9f608a
  .git/objects/98/1fc0b0174719679050291eef922293c5580682
  .git/objects/98/6d589227024833727aad4c14c2d1a232515e5b
  .git/objects/98/9e542571461fac81777de1e3e8adcb63954cd1
  .git/objects/98/c9e6d7299c57ee289408859346bc2737c6f657
  .git/objects/99/6b29cf20156d0b8e60cd281f66a36339771c5c
  .git/objects/99/e3a1320fc8342b850c0514abb625775f06019e
  .git/objects/9a/24804acfb5e7810c8f769ccb6d471c15bdc9e0
  .git/objects/9a/9ac2da19c4933a4a0ab346c29ca904d45fcdb2
  .git/objects/9a/9acadcbae7feecbea95b5bf4c3a6b97b57a279
  .git/objects/9b/266ce2e82e7a76803005a947eea5f6d886b116
  .git/objects/9b/3b2417e343d2fc51d48d3db3fceb4656fd78b4
  .git/objects/9b/7da63b42d393bf75b8986f8505eb0e4f7f6d93
  .git/objects/9b/de84f10fcde4422a2f726ed4d3c5b6ccbd6285
  .git/objects/9c/2d675b24018cfb1b739df362fad8d9ce36365e
  .git/objects/9c/492a93bd177fb74926763fb696625edd561f74
  .git/objects/9c/6c1db68613270dc21b7fda78e6ec5fd037e8ef
  .git/objects/9c/80d629bd2bb2387d7cf89e4ac98f7414bfb785
  .git/objects/9c/bf6f6db10ab2bd29dd66cb6dbc97e704b32e7b
  .git/objects/9c/e274a3078419479e6f5bb0c36cf7ee95d9a7c0
  .git/objects/9d/3aa959455b28340da89f8c73c42b4be26cbf5f
  .git/objects/9d/4a9c22be527d3640e9f7c3d4e6f70497f37517
  .git/objects/9d/f57d41ac65613b967322847edeed48352dce20
  .git/objects/9e/99d2363ef32f4394dc5bb8479a5ef403b983a6
  .git/objects/9e/f935c77aa14acb32b75469b965ec1c9b264013
  .git/objects/9f/80e71bb99f9b071381eb82c6b9e6fffe046799
  .git/objects/9f/f7234bf58b674753eca4816566b1e77612ca96
  .git/objects/a0/0f827ef6a25e76c87db0c91fd65b9020df90cc
  .git/objects/a0/f3b75dcde942dd10b45f28672118542168c2e4
  .git/objects/a1/33ccb89edb1b02f64697df99bda68810b7bc56
  .git/objects/a1/53c1a13cd772dc720900df751d65f3f3dd7923
  .git/objects/a1/84a72b7e706e877fd77ef3d7599519f2416f67
  .git/objects/a1/bc788b36fc8d9fe3fd226df7ba9eb5284aad13
  .git/objects/a2/1b88f73f4dbe429d9f30d23793fb1af25ccf53
  .git/objects/a2/277e2b369e560586c30d4a6d5a93e2bd554a5a
  .git/objects/a2/4bee86046fe39cb6ffbe77e6e7687411bd36e8
  .git/objects/a2/68dbab04a2a14aa630b9277ef313fa1f1eb59a
  .git/objects/a2/c7594539a961f1ab83aedcc5b4dc8ccf0916e1
  .git/objects/a2/c78852ae973a7bc97269687c501d2e0d1e0756
  .git/objects/a2/c8103f69a0ae7d1c732bae6716b3f0070f9153
  .git/objects/a2/cab2f29cd05e4242f20676a4cc6e8d5800a779
  .git/objects/a4/0e9d5d22dac663432a136915e71f7d6b727d97
  .git/objects/a4/88f04939cdd8520d6b07eec78940f2e553dc44
  .git/objects/a4/9f2ee07494b530bb7df93494383e41ab8d0d87
  .git/objects/a4/d6d93246e0d5c786cdaf2b7a6c9646c079750e
  .git/objects/a5/5395bc77dba637ffec56d56082ed0aaeaab2ac
  .git/objects/a5/d3615b6d5ac4ac60c045ed75a5d1322e4f2390
  .git/objects/a7/97534dabd6f340782343594aa6d1501567b783
  .git/objects/a7/b21c85ecb6e0da29cb307987d0ff0258653c2d
  .git/objects/a7/d4ad4e0bef1b5dd8737476c00776ae5454022f
  .git/objects/a7/f9bce3e9a640b471e56c73f8c28145c735c4cd
  .git/objects/a8/4c7861d39ff832a7e61f159b2cca7f067bdd9c
  .git/objects/a8/57f274f82e8080bc16c8925916fba2bd497d4e
  .git/objects/a8/70032f88b0b1528f12226ee269c473fd5c6b59
  .git/objects/a8/a10c51a0cde3b263627e9acac94ab8dbe3d539
  .git/objects/a8/b57692355ed362ca053d841033e9bbf2f8774c
  .git/objects/a8/c4e444677c4898e3ad65b2a120600a7a10eb02
  .git/objects/a8/dd3c227db4d357a81a14858fca7812832b0627
  .git/objects/a8/ee0058e67edef6cfd30a6f792068315c22f21b
  .git/objects/a9/c9c99e006e52ae0e2d307805a7f949326f1b2a
  .git/objects/a9/e3b290182b6a640965288edf2859b04e67df31
  .git/objects/a9/ef67158e3ec8b81f26b080ec7a162b8014b88b
  .git/objects/a9/fa59f824c6fce03546101ef682cae1a77d15b2
  .git/objects/aa/7f1ae01be2dd6e9eb65c5b50e632d69921d92a
  .git/objects/ab/0bf1d5982508e63c4436ebd9a8a24322b4cad5
  .git/objects/ab/35625b2eb62306fe354fc0a931dfbb2dc5691c
  .git/objects/ab/8942f5c756b0bca4da5248e3dfe720543e79b0
  .git/objects/ab/97cdaa1c310c5ce9f011b51b42843c91bc6bea
  .git/objects/ab/d7f78f3b50d2190fb9712e6a6fcf0d0bb5da0a
  .git/objects/ac/fb331ad8198c390c4f6325fc232550d418c50a
  .git/objects/ad/80b188718e9dbc828e3425a0ceb3123885cad9
  .git/objects/ad/aa43a3889ea156fc8865e1a690a7cc19168ae0
  .git/objects/ad/ea78daee7581c00acab923ffec6a805ac993f4
  .git/objects/ae/3ec6976e5d3f6b84e419f7cd4c2c6d39ef22bb
  .git/objects/ae/5b5bff7aa55c335a9250201aa7dc4096ab11db
  .git/objects/ae/6b36e7c579452773363710717c7f3ba27bd730
  .git/objects/ae/a54108a545cd65bd017d4dbbc2a51e85d430f3
  .git/objects/ae/ac5f21321bb1cdde5bbd2e53cfb938873a309f
  .git/objects/ae/c6054f6ae5ec5e1f93217c929fa8741e642bd4
  .git/objects/af/064ab34a727b5975d1e6a0939ffc74a7e8c990
  .git/objects/af/1b8fd1222528b539313732074324881b9d4c2c
  .git/objects/af/508e1a82d4b184dc1681a2fa94d2dc606fe379
  .git/objects/af/79ac1e73c7f29a8548495be6eb56b5f3f41606
  .git/objects/af/9901d7771b500172fd8758341c04ab6ffccdf3
  .git/objects/af/e5a80655bcd0def3431922589e9f6a75c23f03
  .git/objects/af/f47eefb7ac522d6aa7ee187f3d2436ef1a3204
  .git/objects/b0/202efedf676c17ccb5e38ea198c78a80212082
  .git/objects/b0/3f42b5227d15ccffb289c6ea86b086bbeef929
  .git/objects/b0/792975ee2b1dc22845155141664c994c677965
  .git/objects/b1/19d94aa071322e8c3656946f00dfc3c8a9af7f
  .git/objects/b1/965ef2cd6739b2277f587fdfe0028a8d6cf583
  .git/objects/b1/c6e6a97c85c5550cc9eba7f8327a62f6ef3fa4
  .git/objects/b1/d76d24b3f958360d42fc27343ab5bb80b1f830
  .git/objects/b2/08f7aede14a224c05bbfe681581592d4dad93a
  .git/objects/b2/398e3ccfb76cea488d6aebbbc44e9ebd3fb380
  .git/objects/b2/4678ec360af48981ea336d8e81da7936621d49
  .git/objects/b2/616d717b7d29ccc42e0251e7a4725bff3e0dae
  .git/objects/b2/638c3ed750a139c42c5dddb56f9d732f84c6b9
  .git/objects/b2/6e9e27ec94e3dee242e9fc8535b73f940d53ff
  .git/objects/b2/c4067d6d69581ea9156dfdc476817b3635187c
  .git/objects/b2/f24cdaceb4d7fbbf638fe19178baf51b653727
  .git/objects/b3/1ff35ce05e133b84e10107969c15dbaa1d2f99
  .git/objects/b3/5a382bfd107db5b5ca517d36d4b890393808f4
  .git/objects/b3/9043ae8199bdcc63a07ba7b2da6ac03e678efa
  .git/objects/b3/d946ef9daf296b0d653f870738bdc2583e57a7
  .git/objects/b4/67f0dc835dcef5030a1522e094a9cf825f92cd
  .git/objects/b4/71366bbda4cb89bbf8b0a0fd8345a9081efe38
  .git/objects/b4/ed29d3cd1045a5feb1f70e237c0608797795da
  .git/objects/b5/d42bb3d5fa7ce6047fb5407a2683982de25dff
  .git/objects/b6/5f61f349424b5de964170908b4c56b6fa3a2e4
  .git/objects/b6/aa6aee337c21b658a97926d5b611abeeee25bc
  .git/objects/b6/d66c99c5e0046fc3ed70e922d1ad3cf3670503
  .git/objects/b6/f0bfe47641b6f95e05b926cb9e40ab2dca79b5
  .git/objects/b7/172a3d6fbb5db970df7c908df28e8e4a42cd15
  .git/objects/b7/5ce2bd2eaf3f32d4e52d7010100a7a67dc020a
  .git/objects/b7/7dd42f478b2e89e34b585c00d270cb8fdec1d6
  .git/objects/b7/c07b113d6504e58e9330c2ac0cf07f8ee7472e
  .git/objects/b8/59c333928d5a9ff1a0cfa90427ba04c4a2edd2
  .git/objects/b8/823ad239863843c6619b4999bda121d6299a63
  .git/objects/b8/9e569b48942f9ee985614dabb75d03a43c287c
  .git/objects/b8/ff743b1d543322aa87c043da7961ea1d255ff0
  .git/objects/b9/1d80b975eb81ffce52e1ee59c72594911f7796
  .git/objects/b9/4ca33c515e9c3fd5cdfde003a6e239f657c65d
  .git/objects/b9/90d556c7ac6ae52e734464665b0af9a0f0c0dc
  .git/objects/b9/94ceb0c0ff302bbc6397a0343d670a4f292c19
  .git/objects/b9/ff7f2276bbbc438feaeb5a5f1ecd2fb22bd046
  .git/objects/ba/28e976a143b7ef2c6534f958de527418468289
  .git/objects/ba/363f4795780dcfe70fef2e2e5bff9a024955db
  .git/objects/ba/6b398c8f1a98dd84415c29fd43e420a194f844
  .git/objects/ba/6e11a532e7917f997cc79d0816b8d2df230fd1
  .git/objects/ba/862f6a414236229658a797ea64571b7c47aa16
  .git/objects/ba/876a19bf21377056ed8b2fc47e080769b3228a
  .git/objects/ba/e2112c4e4477726c3968b036adf2952461905b
  .git/objects/bb/17aefee98323249c5df6a651a4efcf7febb9af
  .git/objects/bb/363738719298bd8d688bd5ba6dcdd79136c2d2
  .git/objects/bb/39231dc8bbba60897fb91dd742d213a654ca19
  .git/objects/bb/623e5067a4222109852faa38be1d212a69d968
  .git/objects/bb/df512869d69b7d404c8a68d7e7443332c17330
  .git/objects/bc/13f6647ea700beff7c8174f9fb33cec03cf2b1
  .git/objects/bc/9bca70c914515332e715651e76f1bf124ab4d1
  .git/objects/bc/cbbf26171cf24e42179f977dd5b24208a1a8a4
  .git/objects/be/572e37957c39d28b64ad4432e81c95cbdd8f0a
  .git/objects/be/5bcc50cb94d0e1ad90995e534a3c93904b1e24
  .git/objects/be/e0e9b889a0ef0a38f8344db5aea8714e91f51a
  .git/objects/bf/40da91c4fa7f8506c13380e8a9ae85ca3e925b
  .git/objects/bf/99a55e84129899407d86f8c13369de4756fc04
  .git/objects/c0/35cbb0b3314e85722e1898fc11bd92062823c7
  .git/objects/c0/452d343a777772b1717d2ec0c11c8fa00d42a4
  .git/objects/c0/7fd7d9402271a7320652f831cb2efca7d56a97
  .git/objects/c0/9392a28b1c16c02195ca530d889929474dc442
  .git/objects/c0/98870ef219c83c7e180fe101f7b0a45f873876
  .git/objects/c1/78178b068bda3d088b4f481cfa5bbcc0432b28
  .git/objects/c1/d6a046380ad12fe525ae7acc652abd3ae432f4
  .git/objects/c1/d863027ec7d74ecd00391fe3728d243f6aafec
  .git/objects/c1/e023ce976d1f73c75e68e19b7ac3f41ae087af
  .git/objects/c2/d3f0bb3c35474e1375322d4d06ef1827fb8d30
  .git/objects/c2/db589c7f0d84b0ea6f7064dbfb325cab50ea62
  .git/objects/c3/231f7fb0fc77e2d261adeffdcf9905c9f52e18
  .git/objects/c3/37725bf1d902e66d053630dd7265349c66a2f5
  .git/objects/c3/d537f4425a4dbf5720000574cb85b1c3f98ac7
  .git/objects/c4/2c610edd5d31d884c7b4b592d9a37f5e5193fa
  .git/objects/c4/b53d9bf1a3f9ef3421f9d155f5cd8712b38367
  .git/objects/c4/b99e2da941d5749eee95b7336a7dfed63537f4
  .git/objects/c5/56f40bbee56a98baf600826e9566227a6a4db4
  .git/objects/c5/80b749936d0e9409fd988c76b3d5fb9cbcafff
  .git/objects/c5/8381d7091396857114818a85010ba992ef76c9
  .git/objects/c5/92d571f832491aef7513a067f0d2ed8b538a8f
  .git/objects/c5/ab050a9c959b9ef57d4f301637f07d7f458fe3
  .git/objects/c6/db900e6b5a929a8646784a3544f84ddcb4c051
  .git/objects/c7/21df2c9a6473d9cb669a89d415b5afbf9906ec
  .git/objects/c7/fbf323aa4473105b27c52dd53faa78f76a9063
  .git/objects/c8/2cc4a23e623ec66a55b043868baca762ee2c30
  .git/objects/c8/414323feb511bc249b5677c5a3134435ea9b89
  .git/objects/c8/9baa2968c04fc0034de8e3e4966e011ed4f78c
  .git/objects/c9/1e9b186ee7b65faccf77c59beaf37cf605e6a2
  .git/objects/c9/bf17b8a80d8eaf13bd8d7856b3cff931b8e593
  .git/objects/ca/533e0ba477d968546ac1a7902d258eb11076cd
  .git/objects/ca/d02a956297baaaa38b17cebb4b385c61b7ad59
  .git/objects/ca/ed030ebb4eaeea4d191540a5c43c2f36c07aba
  .git/objects/ca/fd7ab077561929f47a056eaf6d0f8288e6b3a0
  .git/objects/cb/487dc1e60b425840a591a8c8c9d1d2d3759a8a
  .git/objects/cb/6cfe41eb58ad83ffb1bbb3b5b40b010d52a4de
  .git/objects/cb/9cc4d824ea30b3d7b858c83c34a55a0a63c966
  .git/objects/cb/a50d52c769b79e2dadef61aa4b143031eb2005
  .git/objects/cc/683714b8302e7693ece51d0c743465788fc4d8
  .git/objects/cc/8ab9f73911916994df16a0e161745886a59578
  .git/objects/cc/ab8c82030e72618809b0730d79276990655290
  .git/objects/cc/bebb2dcee979f862df0df20d33c3d5f847c6cb
  .git/objects/cc/ebd20d70691b9ef9cb5b2f0c66105ce01568bd
  .git/objects/cc/fca1992f14276390496710487b9ba810a7d140
  .git/objects/cd/43dbc90f140012c441b5f8206e2db24a7de332
  .git/objects/cd/8484b1d561e707859f78559410254bde15e80b
  .git/objects/cd/8a89564a08e9417c181dbd8a4408c1553273f0
  .git/objects/cd/b03b666d775d8ffaa9288569b2085a6e615583
  .git/objects/cd/b06ca6c5b84d8e5b4ee227e52279de535d6f76
  .git/objects/cd/f68d8a4c096cfa6ee3b4f41a63137201abd0e5
  .git/objects/ce/5822e26cabc1bc6d1ff2fdb480da019119d02e
  .git/objects/ce/bdf92f7fac21d78dd5cfa4538f5e55a71d5c09
  .git/objects/cf/30ceed76e34db2cdcf6b7d7fd0b7eb0be9adea
  .git/objects/cf/4df24428c31aeb2534929b22ce232b618e5226
  .git/objects/cf/544bcf395663123626a65bdcfd45d10847d0f9
  .git/objects/cf/bfb0de998735727e754371ff189b55a5394f48
  .git/objects/d0/2f10de547618d53de9f8c51df87ff1b4fb9c7c
  .git/objects/d0/71f8879b62316a5c257d03abe35093fef658e7
  .git/objects/d0/787b928e967e648e0b3bbb5cbb06da7153891e
  .git/objects/d0/c289d7c326d12da16cde043a131976a79e8a5a
  .git/objects/d0/fdf1d82f603c53e216c2194b67d86eeeef2e80
  .git/objects/d1/34da4daf7d021847980fa0310ac22175747b95
  .git/objects/d1/e05ac12773b2bdd804a1c9db55e550a226f768
  .git/objects/d2/209a4d26fa3f24b2cfdfc3d26dbcc9740d5260
  .git/objects/d2/50edef455a5c37005937a6883a03cf260f27f3
  .git/objects/d2/cdcdfc4aa3fd42e7e99308534be7d9852329f7
  .git/objects/d2/cf391fca685c260c979175300d9331fd958dcd
  .git/objects/d2/e3b352be5ceaf4caafe707702b831ff0de0c1c
  .git/objects/d2/ef8ae4a1433a5efa50d06e479006c432b3e679
  .git/objects/d2/f27a783be664d44d7e7618a779d61fc07370c1
  .git/objects/d3/05811c4875c7b64b8112396aadae79f60c4893
  .git/objects/d3/3f6060bc75cc9ea78b3b8752e06af161a30285
  .git/objects/d3/46ba04eab4ff401c21d265487debf9c8c7c4ac
  .git/objects/d4/05f284a030ea512c3b59762126aace0ef01102
  .git/objects/d4/5f9e3bf474751aca1709c37ff8dbcada6d3a8a
  .git/objects/d4/8a4fb3f3c669c136ef4796832718f3304e4169
  .git/objects/d4/9441976c7798e411e1ff32933d12d421d3ad41
  .git/objects/d5/87a9dee3a20208f2384ea17aa38c33422ecfe5
  .git/objects/d5/a8106ebd6ab1a5b1455283ee99e3d4e009724b
  .git/objects/d5/bff4f824ba5cafc838991ea27ec9fc3803a0ec
  .git/objects/d5/d5cbfdfb2fc50a7f8e6949da420d37479984f2
  .git/objects/d6/176ad2a0dea9899f2fc0fbb3574d3d6b5fc4fa
  .git/objects/d6/2cd69cfcbd32c05a78784334659f21c2d51330
  .git/objects/d6/8a12d19344bc9d5bf6de81838d5d9bb8f8af1c
  .git/objects/d7/5f824ec6278db24891505b14ab3d915514dba7
  .git/objects/d7/c859e80377cd6941b61842c41e3065c6cd6257
  .git/objects/d8/0ff235239c122e593f54dfdcb10bc6b191d6d3
  .git/objects/d8/547aacd03acf3f27ee9de65e2c1d12cc0daff7
  .git/objects/d8/8a623e46676a140ae5c10a092deaced6e138e8
  .git/objects/d8/b6eaa60884e575a4bddbf59076875f2d938ecc
  .git/objects/d8/e3584c95a10332037d3d80150728db12b9c9f3
  .git/objects/d8/e534b17d39759d32a44b896e7da889b6d886fd
  .git/objects/d8/e8aa11ec8ab0b44cccbb0966d5e111e1b59878
  .git/objects/d9/082f46350ebffc1e801dc58e971a9eceabc109
  .git/objects/d9/0a0f7aafeab1d02e37a549b83d07a9de514a53
  .git/objects/d9/275d7e44553cd27b35b141cfd855f0fcf6181c
  .git/objects/d9/551319a51ba6e08e282ce38cb6698c0c6c61b5
  .git/objects/d9/5e1b95382d365f72a21364a1d5d3530ca4901b
  .git/objects/d9/cd8594b2de017a1b92bafd2cc51c2f09004136
  .git/objects/da/11497198e40fd26213ae0c0066830a77032172
  .git/objects/da/b4cc5e1bd779a482c5f9280f56392b00d13b39
  .git/objects/da/b75c08b8f9d2385203a5db4e6e62948dc11afd
  .git/objects/da/efc8ab690dbb57fe59eb4c1c0a06192493c942
  .git/objects/db/df2d0e3973a798a9e1f13879ffe1a6f649410d
  .git/objects/db/f97e43a91edcd5906ba647d0e9ede1012751c0
  .git/objects/dc/5c2d89ffb39badd0d76cbc0f8a393d9e6fbad6
  .git/objects/dc/609fd1e185802ed159b245187e2d2179ecd9ce
  .git/objects/dc/7ccfb2074f720a961d2f352af90130b2affba1
  .git/objects/dc/9125b3bc982030b7b1ac4864a28c7cc8bc5589
  .git/objects/dd/3758fcb11589dcec54dd1546925e479875cdce
  .git/objects/dd/a231232de238afa866758903da7dde6d091e81
  .git/objects/dd/cc26c1859a0755fe43082dde6460928e4131e5
  .git/objects/de/697eb2262aa8e384a7d89a7abf208fb21f4046
  .git/objects/df/29212cf6ebe044d48d1ffe8dec60f72cf54008
  .git/objects/df/6e78b9bd5f800ff114aa6915a100a98f524c34
  .git/objects/df/b38ef3ae098a4264c04943890e550b440248b2
  .git/objects/df/b947b4325a3d679b671a3793f722c709005a52
  .git/objects/df/e7369db6acbf0c52bda6679a55ecf9d11a4817
  .git/objects/e0/50653dd0b2cafea47d8ade6d7adf3099496c1e
  .git/objects/e0/b5bbee9401400c07351e424668b85a8516e321
  .git/objects/e1/3a7a1eef12309060c280787bace3ca657a0515
  .git/objects/e1/7511d1e2d0b5259d55cf46b5b2f952510a0f34
  .git/objects/e1/8255ddbb953f57a682593ceaeb1359a9ca44b4
  .git/objects/e1/bfdb519e2d90bfae2497cd7dcf914b350968b5
  .git/objects/e1/d395bfe4c38286b558278fe4d184c790f9d3a0
  .git/objects/e1/db3afccab1a24c33585b14c1ca2ce49c7dfe62
  .git/objects/e1/faf35ce8c432332c00ec48fc1c5b014fb40eac
  .git/objects/e2/416de4cae237aa8b3283d15e5c6edfc37b04da
  .git/objects/e2/4eb8015ca23fdf9d726ec7484e863c18998de6
  .git/objects/e3/cc1a33d93e2b75e8e3059e08d976c00192d0d0
  .git/objects/e3/f2a6d5d34f673039d4f35504e25b9e37385495
  .git/objects/e3/f332fc6fc1b58d5568d4932fc11b9ad48ebdf3
  .git/objects/e4/2d20c2386d3e7cfd8dd7b7eabaafec338c56b9
  .git/objects/e5/076578da9f024bbdcb3631a468a06aa5ec1ddd
  .git/objects/e5/0768d31258b1d523c38f062157b122a6d52dd6
  .git/objects/e5/0d1e0f48a948360c83332efdbc8de243d93860
  .git/objects/e5/0f48390fc93d2a690a9ea9d65689001f5b436e
  .git/objects/e5/1b802cde8dbbbef7185662ca7b59c129e0c7d8
  .git/objects/e5/1e162a0050cbfa31bc45084f8a48ad98a46c11
  .git/objects/e5/621f71a9ea3945c167ec170a2de2ac1e74e0e9
  .git/objects/e5/afd81edde449bd995c23bfa459ba67889b3320
  .git/objects/e6/03ec97427b0207cd3f0aa173dcea2cb4ff349a
  .git/objects/e6/6d2e263f922cf62d9b373e9713236eb6d2b0ff
  .git/objects/e7/01b2b8877fad54f10c4b8aa9e3c11d7a93e195
  .git/objects/e7/3a4e5ed15ffe0120b2b5d4d8ad8328e5f236b3
  .git/objects/e7/a6194587ce09c651c49a7ba6ac927c2e868cfc
  .git/objects/e7/ab8ae53e673d30c89daf2b054f1d0082f9c9e2
  .git/objects/e7/c439eaed94c22f1a9f57997aaaa0b94e29a292
  .git/objects/e7/e65e0271ff2cba003f86e25b1e2c233bade84b
  .git/objects/e8/11eda1afed42b08c29597b3988b880edac0cf7
  .git/objects/e8/c0ead6366fa8f96d50f92355fa1f8f6c6778aa
  .git/objects/e8/d9d25b747f2baa62f96e45a5fa5b0882f160dd
  .git/objects/e8/ed0bcbb73ec339380dfdfcb52a700c8e666e0c
  .git/objects/e8/f81c0cb708e87c5855828076227d4881917a87
  .git/objects/e9/81172fb36dbb017f5076140d963740b3638c9c
  .git/objects/e9/fb504d7ee278102eb9503f085e92f377461f14
  .git/objects/ea/283302bbaa7adee95aee038404acd801916c7e
  .git/objects/ea/6f075169f8641b4c296485e0e7180e8b34abdf
  .git/objects/ea/92f49b1fac105b7b8b1a3b2aa09f4a02d927a3
  .git/objects/ea/9576bc9cafc806131d1a7ac5b0731338202b43
  .git/objects/eb/414e791ed78733708255cd5c8692bede7c80db
  .git/objects/eb/900b066d19bd130242ca748f4765bc511c3b1b
  .git/objects/eb/963b539adc87b84111d2da7c55458d4d87cf88
  .git/objects/eb/b5eca53a22709670786b380f257422dc6a49b8
  .git/objects/ec/108f0756990771359abbf9f27c24e33f514a2e
  .git/objects/ec/48a10bce35616f4cb6ad669dc2444d9dffa99c
  .git/objects/ec/78c8f595693deda76e2014e7411c26c2fc69fb
  .git/objects/ec/8621ccfbc2680df5e44266fe72718b105f378b
  .git/objects/ec/a92319a8a60591135bb542fe5d6f994919eb93
  .git/objects/ec/cf4eef6aa583fdab6fd8256f289e2d2c98d9c5
  .git/objects/ec/d11c9c1a281be6899ce582049af083925fe62b
  .git/objects/ed/a17622ccc5137a4d4843e3c32c9f7917bd38ba
  .git/objects/ed/f6c9270e9b950a7e5bb37f6a16fccf660d0691
  .git/objects/ee/5814a1028ace9aec3270cdf3c4b25c7aa64439
  .git/objects/ee/644942de3e604d3b02e2102e253a438ccfc7d6
  .git/objects/ee/b2cee0f750fb37bcd455f4e8aedbf15c19a5ce
  .git/objects/ee/c9845c4d4b08fa3cdedfb1a1d78e34c4eb160c
  .git/objects/ee/ee6689c9f76177805b218dc1f84db124ffbc4c
  .git/objects/ef/1d02bb6f18f2225b412f9b8ec71bee97ec67e0
  .git/objects/ef/5231f7dac462d9be93fee6d4adf25c44a152ca
  .git/objects/ef/5478b6856ae18c83cf95932948ebe287a017f0
  .git/objects/ef/985b0fb1a823d3604a1f0633ffe0400f2dfabc
  .git/objects/ef/9d6a65c66a04baecd3f03c1561155eeef0a7f5
  .git/objects/f0/43536d7cd8abe2e35da2b60fd47553b010b87e
  .git/objects/f0/dd34f85455a104613c38a7b709d58285c579af
  .git/objects/f0/ee63cc96a1b1895dc2c4084a355d086dc66499
  .git/objects/f1/acaaeccdcd92f5441a6808ade86d4473627138
  .git/objects/f1/ad49b4371b1484d854f3b6c7255e01999c996c
  .git/objects/f2/c5a31c7126e19895af905433d80a1bcb13a6a7
  .git/objects/f3/940dab53799dc8f936c3474203f5052772fd03
  .git/objects/f3/a5f8a2f4baf13e8784fb6950807d17f233b0f0
  .git/objects/f3/c37d37c6e5f0c8dedd6b53e71202fce70059a5
  .git/objects/f4/36b18d5ce22e89a701130634d89c4986f86651
  .git/objects/f4/4658dd9b0bac9136751f2bb7b95b3147c04f11
  .git/objects/f4/ab19d593d62bb9df977937aa2e4762fc7d34bb
  .git/objects/f5/b94e86ad4b3563683a1322987c4b4a463dfcb9
  .git/objects/f6/4b743ec6942ced4afc498be681db9018e06de1
  .git/objects/f6/a05f3e327ee9abf3c8cbab3f87ff52a8b868c8
  .git/objects/f6/eb790e2be52fe5f6fc28ce8a18281c0503cfa6
  .git/objects/f7/73a6befb5f8595266eb102c29a65cda5b402eb
  .git/objects/f7/914dff620cd859d165902935fb04ae476789d1
  .git/objects/f7/c71fe4938bd869e819422581c587ac093935b4
  .git/objects/f7/dd205146a3dd72da213c58856c83bd940c6a36
  .git/objects/f7/e70d61ffb5587f0ed98a1b63034bc6d068c2b2
  .git/objects/f7/e7d85dc30fed91dd020c3086250ea6dd1758b3
  .git/objects/f8/040045d5c8b098bcd2768a1ba284de40aa87fa
  .git/objects/f8/047c755d20c0b67026143b6943fcf7931ed222
  .git/objects/f8/1659b0f690c383f4b0edf9549dacd8bf627a15
  .git/objects/f8/a768a954ad3557577bd14c882913e289a707d3
  .git/objects/f8/e445c7c5fb70b94a42aeec634beee94fd5bf90
  .git/objects/f9/2a4233142fc272d0293fbb359140c1d1f482ab
  .git/objects/f9/731643bf4c5563e2da6f24a24df74ab54a4bd6
  .git/objects/f9/a93d26355c4aa87b45310102cffdcc70730447
  .git/objects/f9/e8974073350631fe7d4fc38cb751397f5d8465
  .git/objects/fa/37a35f5087a0fb5eab15855e625bbe133fbed1
  .git/objects/fa/60120f30f9eeac599c4087212c565ea682a228
  .git/objects/fa/6e66cda8d098b308909f418b8038a228bbcd83
  .git/objects/fa/ccf7d688996595e55e4831792452ddca1ff856
  .git/objects/fa/d593b8349738a5b5cbc4f2d6911d4d6d3153ea
  .git/objects/fb/022d35cbd708f61e8fe814c0ab49aa9c6e8ae9
  .git/objects/fb/1ad88408306b6881db82541191fc0f2718de80
  .git/objects/fc/3f2b7259963a5e704d769f577e972f20003623
  .git/objects/fc/75e2d80e202f6bea491f38718ec004d6ca1d7e
  .git/objects/fc/a6e86801bdf0daab1858c4635013a9b8401384
  .git/objects/fc/e4eac7938d4b921dd44a9be9a2fafd206e473c
  .git/objects/fd/5d6b5f190cb8b2f8290b61604339f1936285f4
  .git/objects/fd/6c93574155c036e176ca82528928dff3f0aecf
  .git/objects/fd/75395d2fbfb48c9abc00c4796dbaa83b42848f
  .git/objects/fe/3303058cc1548985a7d9f6ec660b64c1438c5c
  .git/objects/fe/33bec3360a3f5e90fefa2e1caef16031a19ac1
  .git/objects/fe/f314d17d909a32dc2a38064236d3af490026e2
  .git/objects/fe/fdad12ecab4c5905d4a1d421b52d18f2c23398
  .git/objects/ff/11c29abbb81c807630f14fad4c390f1b4eaf40
  .git/objects/ff/662a87a327e3479325cfabdc623d6c03219452
  .git/objects/ff/bff9ec2a370c8dc71da853f58752c1137b1354
  .git/objects/ff/c591392dc6ec254eddee38641324879e42ca27
Source packages should not contain undeclared executable files.
See section ‘Package structure’ in the ‘Writing R Extensions’ manual.
* checking for hidden files and directories ... NOTE
Found the following hidden files and directories:
  .DS_Store
  .Rhistory
  .gitignore
  data/.DS_Store
  data/.Rhistory
  man/.DS_Store
  tests/.DS_Store
  tests/testthat/.DS_Store
  tests/testthat/.Rhistory
  ..Rcheck
  .Rproj.user
  .git
These were most likely included in error. See section ‘Package
structure’ in the ‘Writing R Extensions’ manual.
* checking for portable file names ... OK
* checking for sufficient/correct file permissions ... OK
* checking whether package ‘voe’ can be installed ... OK
* checking installed package size ... NOTE
  installed size is 27.6Mb
  sub-directories of 1Mb or more:
    data  27.4Mb
* checking package directory ... OK
* checking DESCRIPTION meta-information ... NOTE
Malformed Title field: should not end in a period.
License components which are templates and need '+ file LICENSE':
  MIT
Checking should be performed on sources prepared by ‘R CMD build’.
Packages listed in more than one of Depends, Imports, Suggests, Enhances:
  ‘broom’ ‘ggplot2’
A package should be listed in only one of these fields.
* checking top-level files ... OK
* checking for left-over files ... OK
* checking index information ... OK
* checking package subdirectories ... WARNING
Found the following directory with the name of a check directory:
  ./..Rcheck
Most likely, these were included erroneously.
Subdirectory ‘data’ contains no data sets.
* checking R files for non-ASCII characters ... OK
* checking R files for syntax errors ... OK
* checking whether the package can be loaded ... OK
* checking whether the package can be loaded with stated dependencies ... OK
* checking whether the package can be unloaded cleanly ... OK
* checking whether the namespace can be loaded with stated dependencies ... OK
* checking whether the namespace can be unloaded cleanly ... OK
* checking dependencies in R code ... WARNING
'library' or 'require' call not declared from: ‘future’
'library' or 'require' call to ‘future’ in package code.
  Please use :: or requireNamespace() instead.
  See section 'Suggested packages' in the 'Writing R Extensions' manual.
Namespaces in Imports field not imported from:
  ‘cowplot’ ‘devtools’ ‘getopt’ ‘lmerTest’ ‘magrittr’ ‘metafor’
  ‘readxl’ ‘tidyverse’
  All declared Imports should be used.
* checking S3 generic/method consistency ... OK
* checking replacement functions ... OK
* checking foreign function calls ... OK
* checking R code for possible problems ... NOTE
analyze_voe_data: no visible global function definition for ‘%>%’
analyze_voe_data: no visible binding for global variable ‘vars’
compute_metaanalysis: no visible global function definition for ‘%>%’
compute_metaanalysis: no visible binding for global variable ‘feature’
compute_metaanalysis: no visible binding for global variable ‘estimate’
compute_metaanalysis: no visible binding for global variable
  ‘std.error’
compute_metaanalysis: no visible binding for global variable
  ‘dataset_id’
compute_metaanalysis: no visible global function definition for ‘:=’
compute_metaanalysis: no visible binding for global variable ‘new’
compute_metaanalysis: no visible binding for global variable ‘analysis’
compute_vibrations: no visible global function definition for ‘%>%’
compute_vibrations: no visible binding for global variable
  ‘independent_feature’
compute_vibrations : <anonymous>: no visible global function definition
  for ‘%>%’
compute_vibrations : <anonymous>: no visible binding for global
  variable ‘sampleID’
dataset_vibration: no visible global function definition for ‘%>%’
dataset_vibration: no visible global function definition for ‘all_of’
dataset_vibration: no visible global function definition for ‘select’
dataset_vibration: no visible binding for global variable ‘sampleID’
dataset_vibration: no visible binding for global variable
  ‘multisession’
filter_unnest_feature_vib: no visible global function definition for
  ‘%>%’
filter_unnest_feature_vib: no visible binding for global variable
  ‘feature_fit’
find_confounders_linear: no visible global function definition for
  ‘%>%’
find_confounders_linear: no visible binding for global variable
  ‘full_fits’
find_confounders_linear: no visible binding for global variable
  ‘std.error’
find_confounders_linear: no visible binding for global variable
  ‘statistic’
find_confounders_linear: no visible global function definition for
  ‘as.formula’
find_confounders_linear: no visible binding for global variable
  ‘estimate’
full_voe_pipeline: no visible global function definition for ‘%>%’
full_voe_pipeline: no visible binding for global variable ‘feature’
get_adjuster_expanded_vibrations: no visible global function definition
  for ‘%>%’
get_summary_stats: no visible global function definition for ‘p.adjust’
get_summary_stats: no visible binding for global variable ‘p.val’
ind_var_analysis: no visible global function definition for ‘%>%’
pre_pipeline_data_check: no visible global function definition for
  ‘%>%’
pre_pipeline_data_check: no visible binding for global variable ‘Number
  of adjusters’
regression: no visible global function definition for ‘%>%’
regression: no visible binding for global variable ‘sampleID’
regression: no visible global function definition for ‘as.formula’
run_associations: no visible global function definition for ‘%>%’
run_associations: no visible binding for global variable ‘sampleID’
run_associations: no visible global function definition for ‘all_of’
run_associations: no visible binding for global variable ‘term’
run_associations: no visible global function definition for ‘p.adjust’
run_associations: no visible binding for global variable ‘p.value’
summarize_vibration_data_by_feature: no visible global function
  definition for ‘%>%’
summarize_vibration_data_by_feature: no visible binding for global
  variable ‘independent_feature’
summarize_vibration_data_by_feature: no visible binding for global
  variable ‘n’
summarize_vibration_data_by_feature: no visible binding for global
  variable ‘estimate’
summarize_vibration_data_by_feature: no visible binding for global
  variable ‘estimate_quantile_99%’
summarize_vibration_data_by_feature: no visible binding for global
  variable ‘estimate_quantile_1%’
summarize_vibration_data_by_feature: no visible binding for global
  variable ‘janus_effect’
summarize_vibration_data_by_feature: no visible binding for global
  variable ‘p.value’
summarize_vibration_data_by_feature: no visible binding for global
  variable ‘pval_quantile_99%’
summarize_vibration_data_by_feature: no visible binding for global
  variable ‘pval_quantile_1%’
vibrate: no visible global function definition for ‘%>%’
vibrate: no visible binding for global variable ‘vars’
vibrate : <anonymous>: no visible global function definition for
  ‘as.formula’
vibrate : <anonymous>: no visible global function definition for ‘%>%’
vibrate: no visible binding for global variable ‘full_fits’
vibrate : <anonymous>: no visible binding for global variable ‘term’
Undefined global functions or variables:
  %>% := Number of adjusters all_of analysis as.formula dataset_id
  estimate estimate_quantile_1% estimate_quantile_99% feature
  feature_fit full_fits independent_feature janus_effect multisession n
  new p.adjust p.val p.value pval_quantile_1% pval_quantile_99%
  sampleID select statistic std.error term vars
Consider adding
  importFrom("methods", "new")
  importFrom("stats", "as.formula", "p.adjust")
to your NAMESPACE file (and ensure that your DESCRIPTION Imports field
contains 'methods').
* checking Rd files ... OK
* checking Rd metadata ... OK
* checking Rd cross-references ... OK
* checking for missing documentation entries ... OK
* checking for code/documentation mismatches ... OK
* checking Rd \usage sections ... WARNING
Undocumented arguments in documentation object 'compute_vibrations'
  ‘features_of_interest’ ‘max_vibration_num’
Documented arguments not in \usage in documentation object 'compute_vibrations':
  ‘variables_to_vibrate’ ‘feature’ ‘dataset_id’

Undocumented arguments in documentation object 'dataset_vibration'
  ‘features_of_interest’ ‘max_vibration_num’
Documented arguments not in \usage in documentation object 'dataset_vibration':
  ‘variables_to_vibrate’ ‘feature’ ‘dataset_id’

Undocumented arguments in documentation object 'ind_var_analysis'
  ‘independent_variables’ ‘output_location’ ‘log’ ‘log_file_path’

Undocumented arguments in documentation object 'initialize_logger'
  ‘fileName’ ‘saveLog’ ‘logFilePath’

Undocumented arguments in documentation object 'makeBarGraph'
  ‘table’ ‘columnName’ ‘pathToNewFolder’

Undocumented arguments in documentation object 'makeHistogram'
  ‘table’ ‘columnName’ ‘pathToNewFolder’

Documented arguments not in \usage in documentation object 'pre_pipeline_data_check':
  ‘vibrate’

Undocumented arguments in documentation object 'run_associations'
  ‘vibrate’

Undocumented arguments in documentation object 'vibrate'
  ‘max_vibration_num’

Functions with \usage entries need to have the appropriate \alias
entries, and all their arguments documented.
The \usage entries must correspond to syntactically valid R code.
See chapter ‘Writing R documentation files’ in the ‘Writing R
Extensions’ manual.
* checking Rd contents ... OK
* checking for unstated dependencies in examples ... WARNING
Warning: parse error in file 'lines':
58: unexpected ')'
258: 
259: makeBarGraph(ind_var, names(colTypes[i]),pathToNewFolder))
                                                              ^
* checking contents of ‘data’ directory ... WARNING
Files not of a type allowed in a ‘data’ directory:
  ‘abundance_data_for_test.rds’ ‘ag_fecal_tibble_data_10k.rds’
  ‘metadata_ag_fecal.rds’ ‘metadata_for_test.rds’
  ‘nhanes9904_VoE.Rdata’ ‘nhanes_dep_data.rds’ ‘nhanes_ind_data.rds’
  ‘sample_association_output.rds’
Please use e.g. ‘inst/extdata’ for non-R data files

* checking data for non-ASCII characters ... OK
* checking data for ASCII and uncompressed saves ... OK
* checking examples ... ERROR
Running examples in ‘voe-Ex.R’ failed
The error most likely occurred in:

> ### Name: analyze_voe_data
> ### Title: Analyze VoE data
> ### Aliases: analyze_voe_data
> ### Keywords: analysis voe
> 
> ### ** Examples
> 
> analyze_voe_data(vibration_output,confounder_analysis,logger)
Error in rlang::duplicate(voe_df, shallow = FALSE) : 
  object 'vibration_output' not found
Calls: analyze_voe_data -> get_adjuster_expanded_vibrations -> <Anonymous>
Execution halted
* checking for unstated dependencies in ‘tests’ ... OK
* checking tests ... ERROR
  Running ‘testthat.R’
Running the tests in ‘tests/testthat.R’ failed.
Last 13 lines of output:
   1. base::readRDS("../../data/metadata_for_test.rds")
   2. base::gzfile(file, "rb")
  
  ══ testthat results  ═══════════════════════════════════════════════════════════
  [ OK: 0 | SKIPPED: 0 | WARNINGS: 7 | FAILED: 7 ]
  1. Error: linear regression works (@test-compute_associations.R#2) 
  2. Error: logistic regression works (@test-compute_associations.R#11) 
  3. Error: meta-analysis works (@test-compute_metaanalysis.R#2) 
  4. Error: vibrations function appropriately (@test-compute_vibrations.R#2) 
  5. Error: metadata analysis works (@test-independent_variable_analysis.R#2) 
  6. Error: non-meta-analytic pipeline works (@test-voe_pipeline.R#2) 
  7. Error: meta-analytic pipeline works (@test-voe_pipeline.R#9) 
  
  Error: testthat unit tests failed
  Execution halted
* checking PDF version of manual ... WARNING
LaTeX errors when creating PDF version.
This typically indicates Rd problems.
* checking PDF version of manual without hyperrefs or index ... ERROR
Re-running with no redirection of stdout/stderr.
* DONE
Status: 3 ERRORs, 7 WARNINGs, 4 NOTEs
